# JRE version: Java(TM) SE Runtime Environment (8.0_121-b13) (build 1.8.0_121-b13)
# Java VM: Java HotSpot(TM) 64-Bit Server VM (25.121-b13 mixed mode linux-amd64 compressed oops)
Heap:
 PSYoungGen      total 153600K, used 455K [0x00000000f5000000, 0x0000000100000000, 0x0000000100000000)
  eden space 140800K, 0% used [0x00000000f5000000,0x00000000f5000000,0x00000000fd980000)
  from space 12800K, 3% used [0x00000000fea80000,0x00000000feaf1fd0,0x00000000ff700000)
  to   space 17408K, 0% used [0x00000000fd980000,0x00000000fd980000,0x00000000fea80000)
 ParOldGen       total 32256K, used 32092K [0x00000000df000000, 0x00000000e0f80000, 0x00000000f5000000)
  object space 32256K, 99% used [0x00000000df000000,0x00000000e0f57308,0x00000000e0f80000)
 Metaspace       used 34455K, capacity 35212K, committed 35496K, reserved 1081344K
  class space    used 4059K, capacity 4349K, committed 4400K, reserved 1048576K
GC Heap History (10 events):
Event: 6.979 GC heap after
Heap after GC invocations=9 (full 0):
 PSYoungGen      total 77824K, used 8177K [0x00000000f5000000, 0x00000000fd200000, 0x0000000100000000)
  eden space 69632K, 0% used [0x00000000f5000000,0x00000000f5000000,0x00000000f9400000)
  from space 8192K, 99% used [0x00000000f9400000,0x00000000f9bfc498,0x00000000f9c00000)
  to   space 10752K, 0% used [0x00000000fc780000,0x00000000fc780000,0x00000000fd200000)
 ParOldGen       total 23552K, used 14993K [0x00000000df000000, 0x00000000e0700000, 0x00000000f5000000)
  object space 23552K, 63% used [0x00000000df000000,0x00000000dfea47c8,0x00000000e0700000)
 Metaspace       used 19346K, capacity 19748K, committed 20096K, reserved 1067008K
  class space    used 2330K, capacity 2427K, committed 2432K, reserved 1048576K
}
Event: 7.546 GC heap before
{Heap before GC invocations=10 (full 0):
 PSYoungGen      total 77824K, used 20672K [0x00000000f5000000, 0x00000000fd200000, 0x0000000100000000)
  eden space 69632K, 17% used [0x00000000f5000000,0x00000000f5c33e50,0x00000000f9400000)
  from space 8192K, 99% used [0x00000000f9400000,0x00000000f9bfc498,0x00000000f9c00000)
  to   space 10752K, 0% used [0x00000000fc780000,0x00000000fc780000,0x00000000fd200000)
 ParOldGen       total 23552K, used 14993K [0x00000000df000000, 0x00000000e0700000, 0x00000000f5000000)
  object space 23552K, 63% used [0x00000000df000000,0x00000000dfea47c8,0x00000000e0700000)
 Metaspace       used 20614K, capacity 21136K, committed 21296K, reserved 1069056K
  class space    used 2438K, capacity 2595K, committed 2608K, reserved 1048576K
Event: 7.610 GC heap after
Heap after GC invocations=10 (full 0):
 PSYoungGen      total 121344K, used 5551K [0x00000000f5000000, 0x00000000fd100000, 0x0000000100000000)
  eden space 111616K, 0% used [0x00000000f5000000,0x00000000f5000000,0x00000000fbd00000)
  from space 9728K, 57% used [0x00000000fc780000,0x00000000fccebee8,0x00000000fd100000)
  to   space 10240K, 0% used [0x00000000fbd00000,0x00000000fbd00000,0x00000000fc700000)
 ParOldGen       total 23552K, used 18732K [0x00000000df000000, 0x00000000e0700000, 0x00000000f5000000)
  object space 23552K, 79% used [0x00000000df000000,0x00000000e024b250,0x00000000e0700000)
 Metaspace       used 20614K, capacity 21136K, committed 21296K, reserved 1069056K
  class space    used 2438K, capacity 2595K, committed 2608K, reserved 1048576K
}
Event: 7.610 GC heap before
{Heap before GC invocations=11 (full 1):
 PSYoungGen      total 121344K, used 5551K [0x00000000f5000000, 0x00000000fd100000, 0x0000000100000000)
  eden space 111616K, 0% used [0x00000000f5000000,0x00000000f5000000,0x00000000fbd00000)
  from space 9728K, 57% used [0x00000000fc780000,0x00000000fccebee8,0x00000000fd100000)
  to   space 10240K, 0% used [0x00000000fbd00000,0x00000000fbd00000,0x00000000fc700000)
 ParOldGen       total 23552K, used 18732K [0x00000000df000000, 0x00000000e0700000, 0x00000000f5000000)
  object space 23552K, 79% used [0x00000000df000000,0x00000000e024b250,0x00000000e0700000)
 Metaspace       used 20614K, capacity 21136K, committed 21296K, reserved 1069056K
  class space    used 2438K, capacity 2595K, committed 2608K, reserved 1048576K
Event: 7.970 GC heap after
Heap after GC invocations=11 (full 1):
 PSYoungGen      total 121344K, used 0K [0x00000000f5000000, 0x00000000fd100000, 0x0000000100000000)
  eden space 111616K, 0% used [0x00000000f5000000,0x00000000f5000000,0x00000000fbd00000)
  from space 9728K, 0% used [0x00000000fc780000,0x00000000fc780000,0x00000000fd100000)
  to   space 10240K, 0% used [0x00000000fbd00000,0x00000000fbd00000,0x00000000fc700000)
 ParOldGen       total 32256K, used 13825K [0x00000000df000000, 0x00000000e0f80000, 0x00000000f5000000)
  object space 32256K, 42% used [0x00000000df000000,0x00000000dfd80488,0x00000000e0f80000)
 Metaspace       used 20614K, capacity 21136K, committed 21296K, reserved 1069056K
  class space    used 2438K, capacity 2595K, committed 2608K, reserved 1048576K
}
Event: 11.255 GC heap before
{Heap before GC invocations=12 (full 1):
 PSYoungGen      total 121344K, used 111616K [0x00000000f5000000, 0x00000000fd100000, 0x0000000100000000)
  eden space 111616K, 100% used [0x00000000f5000000,0x00000000fbd00000,0x00000000fbd00000)
  from space 9728K, 0% used [0x00000000fc780000,0x00000000fc780000,0x00000000fd100000)
  to   space 10240K, 0% used [0x00000000fbd00000,0x00000000fbd00000,0x00000000fc700000)
 ParOldGen       total 32256K, used 13825K [0x00000000df000000, 0x00000000e0f80000, 0x00000000f5000000)
  object space 32256K, 42% used [0x00000000df000000,0x00000000dfd80488,0x00000000e0f80000)
 Metaspace       used 28134K, capacity 28942K, committed 29360K, reserved 1075200K
  class space    used 3381K, capacity 3673K, committed 3760K, reserved 1048576K
Event: 11.295 GC heap after
Heap after GC invocations=12 (full 1):
 PSYoungGen      total 121856K, used 10236K [0x00000000f5000000, 0x00000000ff700000, 0x0000000100000000)
  eden space 111616K, 0% used [0x00000000f5000000,0x00000000f5000000,0x00000000fbd00000)
  from space 10240K, 99% used [0x00000000fbd00000,0x00000000fc6ff190,0x00000000fc700000)
  to   space 12800K, 0% used [0x00000000fea80000,0x00000000fea80000,0x00000000ff700000)
 ParOldGen       total 32256K, used 15554K [0x00000000df000000, 0x00000000e0f80000, 0x00000000f5000000)
  object space 32256K, 48% used [0x00000000df000000,0x00000000dff308e0,0x00000000e0f80000)
 Metaspace       used 28134K, capacity 28942K, committed 29360K, reserved 1075200K
  class space    used 3381K, capacity 3673K, committed 3760K, reserved 1048576K
}
Event: 14.061 GC heap before
{Heap before GC invocations=13 (full 1):
 PSYoungGen      total 121856K, used 111988K [0x00000000f5000000, 0x00000000ff700000, 0x0000000100000000)
  eden space 111616K, 91% used [0x00000000f5000000,0x00000000fb35deb0,0x00000000fbd00000)
  from space 10240K, 99% used [0x00000000fbd00000,0x00000000fc6ff190,0x00000000fc700000)
  to   space 12800K, 0% used [0x00000000fea80000,0x00000000fea80000,0x00000000ff700000)
 ParOldGen       total 32256K, used 15554K [0x00000000df000000, 0x00000000e0f80000, 0x00000000f5000000)
  object space 32256K, 48% used [0x00000000df000000,0x00000000dff308e0,0x00000000e0f80000)
 Metaspace       used 34511K, capacity 35320K, committed 35496K, reserved 1081344K
  class space    used 4068K, capacity 4389K, committed 4400K, reserved 1048576K
Event: 14.199 GC heap after
Heap after GC invocations=13 (full 1):
 PSYoungGen      total 153600K, used 12784K [0x00000000f5000000, 0x0000000100000000, 0x0000000100000000)
  eden space 140800K, 0% used [0x00000000f5000000,0x00000000f5000000,0x00000000fd980000)
  from space 12800K, 99% used [0x00000000fea80000,0x00000000ff6fc348,0x00000000ff700000)
  to   space 17408K, 0% used [0x00000000fd980000,0x00000000fd980000,0x00000000fea80000)
 ParOldGen       total 32256K, used 23780K [0x00000000df000000, 0x00000000e0f80000, 0x00000000f5000000)
  object space 32256K, 73% used [0x00000000df000000,0x00000000e07391f0,0x00000000e0f80000)
 Metaspace       used 34511K, capacity 35320K, committed 35496K, reserved 1081344K
  class space    used 4068K, capacity 4389K, committed 4400K, reserved 1048576K
}
Event: 14.202 GC heap before
{Heap before GC invocations=14 (full 2):
 PSYoungGen      total 153600K, used 12784K [0x00000000f5000000, 0x0000000100000000, 0x0000000100000000)
  eden space 140800K, 0% used [0x00000000f5000000,0x00000000f5000000,0x00000000fd980000)
  from space 12800K, 99% used [0x00000000fea80000,0x00000000ff6fc348,0x00000000ff700000)
  to   space 17408K, 0% used [0x00000000fd980000,0x00000000fd980000,0x00000000fea80000)
 ParOldGen       total 32256K, used 23780K [0x00000000df000000, 0x00000000e0f80000, 0x00000000f5000000)
  object space 32256K, 73% used [0x00000000df000000,0x00000000e07391f0,0x00000000e0f80000)
 Metaspace       used 34511K, capacity 35320K, committed 35496K, reserved 1081344K
  class space    used 4068K, capacity 4389K, committed 4400K, reserved 1048576K

